<?xml version="1.0" encoding="UTF-8"?>
<!-- Generated by org.testng.reporters.JUnitXMLReporter -->
<testsuite ignored="0" hostname="TMGLAP998" failures="0" tests="4" name="Default test" time="4.122" errors="0" timestamp="2024-12-31T07:44:07 IST">
  <testcase classname="day1.HTTPRequest" name="getUsers" time="2.419"/>
  <testcase classname="day1.HTTPRequest" name="createUser" time="0.776"/>
  <testcase classname="day1.HTTPRequest" name="UpdateUser" time="0.451"/>
  <testcase classname="day1.HTTPRequest" name="deletsUser" time="0.407"/>
</testsuite> <!-- Default test -->
