<?xml version="1.0" encoding="UTF-8"?>
<testng-results ignored="0" total="4" passed="4" failed="0" skipped="0">
  <reporter-output>
  </reporter-output>
  <suite started-at="2024-12-31T07:44:03 IST" name="Default suite" finished-at="2024-12-31T07:44:07 IST" duration-ms="4122">
    <groups>
    </groups>
    <test started-at="2024-12-31T07:44:03 IST" name="Default test" finished-at="2024-12-31T07:44:07 IST" duration-ms="4122">
      <class name="day1.HTTPRequest">
        <test-method signature="getUsers()[pri:1, instance:day1.HTTPRequest@7e07db1f]" started-at="2024-12-31T07:44:03 IST" name="getUsers" finished-at="2024-12-31T07:44:05 IST" duration-ms="2419" status="PASS">
          <reporter-output>
          </reporter-output>
        </test-method> <!-- getUsers -->
        <test-method signature="createUser()[pri:2, instance:day1.HTTPRequest@7e07db1f]" started-at="2024-12-31T07:44:05 IST" name="createUser" finished-at="2024-12-31T07:44:06 IST" duration-ms="776" status="PASS">
          <reporter-output>
          </reporter-output>
        </test-method> <!-- createUser -->
        <test-method signature="UpdateUser()[pri:3, instance:day1.HTTPRequest@7e07db1f]" started-at="2024-12-31T07:44:06 IST" name="UpdateUser" finished-at="2024-12-31T07:44:06 IST" depends-on-methods="day1.HTTPRequest.createUser" duration-ms="451" status="PASS">
          <reporter-output>
          </reporter-output>
        </test-method> <!-- UpdateUser -->
        <test-method signature="deletsUser()[pri:4, instance:day1.HTTPRequest@7e07db1f]" started-at="2024-12-31T07:44:06 IST" name="deletsUser" finished-at="2024-12-31T07:44:07 IST" duration-ms="407" status="PASS">
          <reporter-output>
          </reporter-output>
        </test-method> <!-- deletsUser -->
      </class> <!-- day1.HTTPRequest -->
    </test> <!-- Default test -->
  </suite> <!-- Default suite -->
</testng-results>
